 === serial section ===
 hello world from thread            0  of            1
 === parallel section ===
 hello world from thread            0  of           20
 hello world from thread           17  of           20
 hello world from thread            1  of           20
 hello world from thread           16  of           20
 hello world from thread            8  of           20
 hello world from thread            9  of           20
 hello world from thread           14  of           20
 hello world from thread           12  of           20
 hello world from thread            6  of           20
 hello world from thread            3  of           20
 hello world from thread           11  of           20
 hello world from thread            4  of           20
 hello world from thread            7  of           20
 hello world from thread           18  of           20
 hello world from thread           10  of           20
 hello world from master thread with TID =            0
 hello world from thread           19  of           20
 hello world from thread           13  of           20
 hello world from thread            2  of           20
 hello world from thread            5  of           20
 hello world from thread           15  of           20
