

*************************************************************************** 
CONTAINS Runtime Modules of Parallel Sparse Linear Solver PARDISO Vers. 6.0
Copyright Universita della Svizzera Italiana 2000-2018 All Rights Reserved.

TIME-LIMITED ACADEMIC SINGLE-USER LICENSE: YOU ARE USING THE PARDISO SOLVER
UNDER THE CONTROL OF AN ACADEMIC SINGLE-USER LICENSE. YOU AS  AN INDIVIDUAL
MAY INSTALL AND USE PARDISO ON AN  UNLIMITED  NUMBER  OF COMPUTERS PROVIDED
THAT YOU  ARE THE  ONLY INDIVIDUAL USING  THE  PARDISO SOLVER. THIS LICENSE
IS TIED TO A SINGLE (IDENTICAL) USER NAME THAT YOU NEED ON THESE COMPUTERS.
A SEPARATE LICENSE IS REQUIRED FOR EACH INDIVIDUAL USER IN ALL OTHER CASES.
USI LUGANO  MAY  PROVIDE  YOU  WITH  A LICENSE  CODE KEY  THAT  ENABLES THE
PARDISO  SOLVER  FOR  ADDITIONAL  USERS.   THE  DURATION  (TIME  PERIOD) OF
YOUR LICENSE  AND  YOUR  ABILITY TO USE  THE PARDISO SOLVER  IS  LIMITED TO
THE TIME PERIOD OF THE OBTAINED LICENSE, WHICH IS CONTROLLED BY THE LICENSE
KEY CODE. THE ACADEMIC LICENSE PERMITS THE USE OF PARDISO ONLY FOR ACADEMIC
RESEARCH. IF YOU ARE USING THE SOFTWARE FOR ANY OTHER  PURPOSE, YOU MAY  BE
IN  AN UNLAWFUL VIOLATION  OF THE  TERMS  OF THIS  LICENSE,  AND  YOU  MUST
OBTAIN  A VALID  ALTERNATIVE  LICENSE. 
USI LUGANO DISCLAIMS ALL WARRANTIES WITH REGARD TO THIS SOFTWARE, INCLUDING
ALL IMPLIED   WARRANTIES  OF   MERCHANTABILITY  AND  FITNESS. IN  NO  EVENT
SHALL USI  LUGANO  OR  ANY  OF  ITS  ENTITIES  BE  LIABLE FOR  ANY SPECIAL,
INDIRECT OR CONSEQUENTIAL DAMAGES OR ANY DAMAGES WHATSOEVER  RESULTING FROM
LOSS OF USE, DATA OR PROFITS,  WHETHER IN AN ACTION OF CONTRACT, NEGLIGENCE
OR OTHER TORTIOUS ACTION,  ARISING OUT OF OR IN  CONNECTION WITH THE USE OR
PERFORMANCE OF THIS SOFTWARE.

       Please visit http://www.pardiso-project.org for more details.      
                                                                           
 - You can suppress this message by setting the environment variable       
   with e.g. export PARDISOLICMESSAGE=1                                    
*************************************************************************** 

================  PARDISO: solving a symmetric indef.  system  ================


Summary PARDISO 6.0.0: ( reorder to reorder )
=======================

Times:
======

      Time fulladj: 0.024257 s
      Time reorder: 0.334225 s
      Time symbfct: 0.075819 s
      Time parlist: 0.015465 s
      Time malloc : -0.005997 s
      Time total  : 0.478253 s total - sum: 0.034485 s

Statistics:
===========
 < Parallel Direct Factorization with #cores: >              8
 <                                and #nodes: >              1
 < Numerical Factorization with BLAS3 and O(n) synchronization >

 < Linear system Ax = b>
             #equations:                                     64000
             #non-zeros in A:                                251200
             non-zeros in A (%):                             0.006133
             #right-hand sides:                              1

< Factors L and U >
             #columns for each panel:                        64
             # of independent subgraphs:                     0
 < preprocessing with state of the art partitioning metis>
             #supernodes:                                    42469
             size of largest supernode:                      1650
             number of nonzeros in L                         14659364
             number of nonzeros in U                         1
             number of nonzeros in L+U                       1.46594e+07
             number of perturbed pivots                      0
             number of nodes in solve                        64000
             Gflop   for the numerical factorization:        16.268708

================  PARDISO: solving a symmetric indef.  system  ================


Summary PARDISO 6.0.0: ( factorize to factorize )
=======================

Times:
======

      Time A to LU: 0.000000 s
      Time numfct : 0.959064 s
      Time malloc : -0.000017 s
      Time total  : 0.959174 s total - sum: 0.000127 s

Statistics:
===========
 < Parallel Direct Factorization with #cores: >              8
 <                                and #nodes: >              1
 < Numerical Factorization with BLAS3 and O(n) synchronization >

 < Linear system Ax = b>
             #equations:                                     64000
             #non-zeros in A:                                251200
             non-zeros in A (%):                             0.006133
             #right-hand sides:                              1

< Factors L and U >
             #columns for each panel:                        64
             # of independent subgraphs:                     0
 < preprocessing with state of the art partitioning metis>
             #supernodes:                                    42469
             size of largest supernode:                      1650
             number of nonzeros in L                         14659364
             number of nonzeros in U                         1
             number of nonzeros in L+U                       1.46594e+07
             number of perturbed pivots                      0
             number of nodes in solve                        64000
             Gflop   for the numerical factorization:        16.268708
             Gflop/s for the numerical factorization:        16.963113

================  PARDISO: solving a symmetric indef.  system  ================


Summary PARDISO 6.0.0: ( solve to solve )
=======================

Times:
======

      Time solve  : 0.056945 s
      Time total  : 0.091947 s total - sum: 0.035002 s

Statistics:
===========
 < Parallel Direct Factorization with #cores: >              8
 <                                and #nodes: >              1
 < Numerical Factorization with BLAS3 and O(n) synchronization >

 < Linear system Ax = b>
             #equations:                                     64000
             #non-zeros in A:                                251200
             non-zeros in A (%):                             0.006133
             #right-hand sides:                              1

< Factors L and U >
             #columns for each panel:                        64
             # of independent subgraphs:                     0
 < preprocessing with state of the art partitioning metis>
             #supernodes:                                    42469
             size of largest supernode:                      1650
             number of nonzeros in L                         14659364
             number of nonzeros in U                         1
             number of nonzeros in L+U                       1.46594e+07
             number of perturbed pivots                      0
             number of nodes in solve                        64000
             Gflop   for the numerical factorization:        16.268708
             Gflop/s for the numerical factorization:        16.963113

================  PARDISO: solving a symmetric indef.  system  ================


Summary PARDISO 6.0.0: ( solve to solve )
=======================

Times:
======

      Time solve  : 0.016288 s
      Time total  : 0.050873 s total - sum: 0.034584 s

Statistics:
===========
 < Parallel Direct Factorization with #cores: >              8
 <                                and #nodes: >              1
 < Numerical Factorization with BLAS3 and O(n) synchronization >

 < Linear system Ax = b>
             #equations:                                     64000
             #non-zeros in A:                                251200
             non-zeros in A (%):                             0.006133
             #right-hand sides:                              1

< Factors L and U >
             #columns for each panel:                        64
             # of independent subgraphs:                     0
 < preprocessing with state of the art partitioning metis>
             #supernodes:                                    42469
             size of largest supernode:                      1650
             number of nonzeros in L                         14659364
             number of nonzeros in U                         1
             number of nonzeros in L+U                       1.46594e+07
             number of perturbed pivots                      0
             number of nodes in solve                        64000
             Gflop   for the numerical factorization:        16.268708
             Gflop/s for the numerical factorization:        16.963113

================  PARDISO: solving a symmetric indef.  system  ================


Summary PARDISO 6.0.0: ( solve to solve )
=======================

Times:
======

      Time solve  : 0.016126 s
      Time total  : 0.050860 s total - sum: 0.034734 s

Statistics:
===========
 < Parallel Direct Factorization with #cores: >              8
 <                                and #nodes: >              1
 < Numerical Factorization with BLAS3 and O(n) synchronization >

 < Linear system Ax = b>
             #equations:                                     64000
             #non-zeros in A:                                251200
             non-zeros in A (%):                             0.006133
             #right-hand sides:                              1

< Factors L and U >
             #columns for each panel:                        64
             # of independent subgraphs:                     0
 < preprocessing with state of the art partitioning metis>
             #supernodes:                                    42469
             size of largest supernode:                      1650
             number of nonzeros in L                         14659364
             number of nonzeros in U                         1
             number of nonzeros in L+U                       1.46594e+07
             number of perturbed pivots                      0
             number of nodes in solve                        64000
             Gflop   for the numerical factorization:        16.268708
             Gflop/s for the numerical factorization:        16.963113

================  PARDISO: solving a symmetric indef.  system  ================


Summary PARDISO 6.0.0: ( solve to solve )
=======================

Times:
======

      Time solve  : 0.016376 s
      Time total  : 0.051007 s total - sum: 0.034631 s

Statistics:
===========
 < Parallel Direct Factorization with #cores: >              8
 <                                and #nodes: >              1
 < Numerical Factorization with BLAS3 and O(n) synchronization >

 < Linear system Ax = b>
             #equations:                                     64000
             #non-zeros in A:                                251200
             non-zeros in A (%):                             0.006133
             #right-hand sides:                              1

< Factors L and U >
             #columns for each panel:                        64
             # of independent subgraphs:                     0
 < preprocessing with state of the art partitioning metis>
             #supernodes:                                    42469
             size of largest supernode:                      1650
             number of nonzeros in L                         14659364
             number of nonzeros in U                         1
             number of nonzeros in L+U                       1.46594e+07
             number of perturbed pivots                      0
             number of nodes in solve                        64000
             Gflop   for the numerical factorization:        16.268708
             Gflop/s for the numerical factorization:        16.963113

================  PARDISO: solving a symmetric indef.  system  ================


Summary PARDISO 6.0.0: ( solve to solve )
=======================

Times:
======

      Time solve  : 0.016220 s
      Time total  : 0.051288 s total - sum: 0.035068 s

Statistics:
===========
 < Parallel Direct Factorization with #cores: >              8
 <                                and #nodes: >              1
 < Numerical Factorization with BLAS3 and O(n) synchronization >

 < Linear system Ax = b>
             #equations:                                     64000
             #non-zeros in A:                                251200
             non-zeros in A (%):                             0.006133
             #right-hand sides:                              1

< Factors L and U >
             #columns for each panel:                        64
             # of independent subgraphs:                     0
 < preprocessing with state of the art partitioning metis>
             #supernodes:                                    42469
             size of largest supernode:                      1650
             number of nonzeros in L                         14659364
             number of nonzeros in U                         1
             number of nonzeros in L+U                       1.46594e+07
             number of perturbed pivots                      0
             number of nodes in solve                        64000
             Gflop   for the numerical factorization:        16.268708
             Gflop/s for the numerical factorization:        16.963113

================  PARDISO: solving a symmetric indef.  system  ================


Summary PARDISO 6.0.0: ( solve to solve )
=======================

Times:
======

      Time solve  : 0.015672 s
      Time total  : 0.050540 s total - sum: 0.034868 s

Statistics:
===========
 < Parallel Direct Factorization with #cores: >              8
 <                                and #nodes: >              1
 < Numerical Factorization with BLAS3 and O(n) synchronization >

 < Linear system Ax = b>
             #equations:                                     64000
             #non-zeros in A:                                251200
             non-zeros in A (%):                             0.006133
             #right-hand sides:                              1

< Factors L and U >
             #columns for each panel:                        64
             # of independent subgraphs:                     0
 < preprocessing with state of the art partitioning metis>
             #supernodes:                                    42469
             size of largest supernode:                      1650
             number of nonzeros in L                         14659364
             number of nonzeros in U                         1
             number of nonzeros in L+U                       1.46594e+07
             number of perturbed pivots                      0
             number of nodes in solve                        64000
             Gflop   for the numerical factorization:        16.268708
             Gflop/s for the numerical factorization:        16.963113

================  PARDISO: solving a symmetric indef.  system  ================


Summary PARDISO 6.0.0: ( solve to solve )
=======================

Times:
======

      Time solve  : 0.015802 s
      Time total  : 0.050721 s total - sum: 0.034918 s

Statistics:
===========
 < Parallel Direct Factorization with #cores: >              8
 <                                and #nodes: >              1
 < Numerical Factorization with BLAS3 and O(n) synchronization >

 < Linear system Ax = b>
             #equations:                                     64000
             #non-zeros in A:                                251200
             non-zeros in A (%):                             0.006133
             #right-hand sides:                              1

< Factors L and U >
             #columns for each panel:                        64
             # of independent subgraphs:                     0
 < preprocessing with state of the art partitioning metis>
             #supernodes:                                    42469
             size of largest supernode:                      1650
             number of nonzeros in L                         14659364
             number of nonzeros in U                         1
             number of nonzeros in L+U                       1.46594e+07
             number of perturbed pivots                      0
             number of nodes in solve                        64000
             Gflop   for the numerical factorization:        16.268708
             Gflop/s for the numerical factorization:        16.963113

================  PARDISO: solving a symmetric indef.  system  ================


Summary PARDISO 6.0.0: ( solve to solve )
=======================

Times:
======

      Time solve  : 0.016493 s
      Time total  : 0.051361 s total - sum: 0.034868 s

Statistics:
===========
 < Parallel Direct Factorization with #cores: >              8
 <                                and #nodes: >              1
 < Numerical Factorization with BLAS3 and O(n) synchronization >

 < Linear system Ax = b>
             #equations:                                     64000
             #non-zeros in A:                                251200
             non-zeros in A (%):                             0.006133
             #right-hand sides:                              1

< Factors L and U >
             #columns for each panel:                        64
             # of independent subgraphs:                     0
 < preprocessing with state of the art partitioning metis>
             #supernodes:                                    42469
             size of largest supernode:                      1650
             number of nonzeros in L                         14659364
             number of nonzeros in U                         1
             number of nonzeros in L+U                       1.46594e+07
             number of perturbed pivots                      0
             number of nodes in solve                        64000
             Gflop   for the numerical factorization:        16.268708
             Gflop/s for the numerical factorization:        16.963113

================  PARDISO: solving a symmetric indef.  system  ================


Summary PARDISO 6.0.0: ( solve to solve )
=======================

Times:
======

      Time solve  : 0.016632 s
      Time total  : 0.051273 s total - sum: 0.034641 s

Statistics:
===========
 < Parallel Direct Factorization with #cores: >              8
 <                                and #nodes: >              1
 < Numerical Factorization with BLAS3 and O(n) synchronization >

 < Linear system Ax = b>
             #equations:                                     64000
             #non-zeros in A:                                251200
             non-zeros in A (%):                             0.006133
             #right-hand sides:                              1

< Factors L and U >
             #columns for each panel:                        64
             # of independent subgraphs:                     0
 < preprocessing with state of the art partitioning metis>
             #supernodes:                                    42469
             size of largest supernode:                      1650
             number of nonzeros in L                         14659364
             number of nonzeros in U                         1
             number of nonzeros in L+U                       1.46594e+07
             number of perturbed pivots                      0
             number of nodes in solve                        64000
             Gflop   for the numerical factorization:        16.268708
             Gflop/s for the numerical factorization:        16.963113

================  PARDISO: solving a symmetric indef.  system  ================


Summary PARDISO 6.0.0: ( solve to solve )
=======================

Times:
======

      Time solve  : 0.016023 s
      Time total  : 0.051066 s total - sum: 0.035043 s

Statistics:
===========
 < Parallel Direct Factorization with #cores: >              8
 <                                and #nodes: >              1
 < Numerical Factorization with BLAS3 and O(n) synchronization >

 < Linear system Ax = b>
             #equations:                                     64000
             #non-zeros in A:                                251200
             non-zeros in A (%):                             0.006133
             #right-hand sides:                              1

< Factors L and U >
             #columns for each panel:                        64
             # of independent subgraphs:                     0
 < preprocessing with state of the art partitioning metis>
             #supernodes:                                    42469
             size of largest supernode:                      1650
             number of nonzeros in L                         14659364
             number of nonzeros in U                         1
             number of nonzeros in L+U                       1.46594e+07
             number of perturbed pivots                      0
             number of nodes in solve                        64000
             Gflop   for the numerical factorization:        16.268708
             Gflop/s for the numerical factorization:        16.963113
 PARDISO license check was successful ... 
 PARDISO launched with           8 Threads
 Reordering completed ... 
 Number of nonzeros in factors   =     14659365
 Number of factorization MFLOPS  =           16
 Factorization completed ...  
[PARDISO] ref_it: 1. rel res   0.926E-14 rel err   0.194E-13
[PARDISO] ref_it: 2. rel res   0.279E-14 rel err   0.399E-15
 Solve completed ... 
[PARDISO] ref_it: 1. rel res   0.926E-14 rel err   0.194E-13
[PARDISO] ref_it: 2. rel res   0.279E-14 rel err   0.399E-15
 Solve completed ... 
[PARDISO] ref_it: 1. rel res   0.926E-14 rel err   0.194E-13
[PARDISO] ref_it: 2. rel res   0.279E-14 rel err   0.399E-15
 Solve completed ... 
[PARDISO] ref_it: 1. rel res   0.926E-14 rel err   0.194E-13
[PARDISO] ref_it: 2. rel res   0.279E-14 rel err   0.399E-15
 Solve completed ... 
[PARDISO] ref_it: 1. rel res   0.926E-14 rel err   0.194E-13
[PARDISO] ref_it: 2. rel res   0.279E-14 rel err   0.399E-15
 Solve completed ... 
[PARDISO] ref_it: 1. rel res   0.926E-14 rel err   0.194E-13
[PARDISO] ref_it: 2. rel res   0.279E-14 rel err   0.399E-15
 Solve completed ... 
[PARDISO] ref_it: 1. rel res   0.926E-14 rel err   0.194E-13
[PARDISO] ref_it: 2. rel res   0.279E-14 rel err   0.399E-15
 Solve completed ... 
[PARDISO] ref_it: 1. rel res   0.926E-14 rel err   0.194E-13
[PARDISO] ref_it: 2. rel res   0.279E-14 rel err   0.399E-15
 Solve completed ... 
[PARDISO] ref_it: 1. rel res   0.926E-14 rel err   0.194E-13
[PARDISO] ref_it: 2. rel res   0.279E-14 rel err   0.399E-15
 Solve completed ... 
[PARDISO] ref_it: 1. rel res   0.926E-14 rel err   0.194E-13
[PARDISO] ref_it: 2. rel res   0.279E-14 rel err   0.399E-15
 Solve completed ... 
 Pardiso terminated, memory released...
